The system is: Darwin - 15.0.0 - x86_64
Compiling the C compiler identification source file "CMakeCCompilerId.c" succeeded.
Compiler: /Applications/Xcode.app/Contents/Developer/Toolchains/XcodeDefault.xctoolchain/usr/bin/cc 
Build flags: 
Id flags: 

The output was:
0


Compilation of the C compiler identification source "CMakeCCompilerId.c" produced "a.out"

The C compiler identification is AppleClang, found in "/Users/tiagojc/Dropbox/fabio-colaboration/illuminant-transformed-spaces-tifs-source-code/illuminants/build/CMakeFiles/3.3.2/CompilerIdC/a.out"

Compiling the CXX compiler identification source file "CMakeCXXCompilerId.cpp" succeeded.
Compiler: /Applications/Xcode.app/Contents/Developer/Toolchains/XcodeDefault.xctoolchain/usr/bin/c++ 
Build flags: 
Id flags: 

The output was:
0


Compilation of the CXX compiler identification source "CMakeCXXCompilerId.cpp" produced "a.out"

The CXX compiler identification is AppleClang, found in "/Users/tiagojc/Dropbox/fabio-colaboration/illuminant-transformed-spaces-tifs-source-code/illuminants/build/CMakeFiles/3.3.2/CompilerIdCXX/a.out"

Determining if the C compiler works passed with the following output:
Change Dir: /Users/tiagojc/Dropbox/fabio-colaboration/illuminant-transformed-spaces-tifs-source-code/illuminants/build/CMakeFiles/CMakeTmp

Run Build Command:"/opt/local/bin/gmake" "cmTC_33b6f/fast"
/opt/local/bin/gmake -f CMakeFiles/cmTC_33b6f.dir/build.make CMakeFiles/cmTC_33b6f.dir/build
gmake[1]: Entering directory '/Users/tiagojc/Dropbox/fabio-colaboration/illuminant-transformed-spaces-tifs-source-code/illuminants/build/CMakeFiles/CMakeTmp'
Building C object CMakeFiles/cmTC_33b6f.dir/testCCompiler.c.o
/Applications/Xcode.app/Contents/Developer/Toolchains/XcodeDefault.xctoolchain/usr/bin/cc   -isysroot /Applications/Xcode.app/Contents/Developer/Platforms/MacOSX.platform/Developer/SDKs/MacOSX10.10.sdk   -o CMakeFiles/cmTC_33b6f.dir/testCCompiler.c.o   -c /Users/tiagojc/Dropbox/fabio-colaboration/illuminant-transformed-spaces-tifs-source-code/illuminants/build/CMakeFiles/CMakeTmp/testCCompiler.c
Linking C executable cmTC_33b6f
/opt/local/bin/cmake -E cmake_link_script CMakeFiles/cmTC_33b6f.dir/link.txt --verbose=1
/Applications/Xcode.app/Contents/Developer/Toolchains/XcodeDefault.xctoolchain/usr/bin/cc    -isysroot /Applications/Xcode.app/Contents/Developer/Platforms/MacOSX.platform/Developer/SDKs/MacOSX10.10.sdk -Wl,-search_paths_first -Wl,-headerpad_max_install_names   CMakeFiles/cmTC_33b6f.dir/testCCompiler.c.o  -o cmTC_33b6f  
gmake[1]: Leaving directory '/Users/tiagojc/Dropbox/fabio-colaboration/illuminant-transformed-spaces-tifs-source-code/illuminants/build/CMakeFiles/CMakeTmp'


Detecting C compiler ABI info compiled with the following output:
Change Dir: /Users/tiagojc/Dropbox/fabio-colaboration/illuminant-transformed-spaces-tifs-source-code/illuminants/build/CMakeFiles/CMakeTmp

Run Build Command:"/opt/local/bin/gmake" "cmTC_0d12e/fast"
/opt/local/bin/gmake -f CMakeFiles/cmTC_0d12e.dir/build.make CMakeFiles/cmTC_0d12e.dir/build
gmake[1]: Entering directory '/Users/tiagojc/Dropbox/fabio-colaboration/illuminant-transformed-spaces-tifs-source-code/illuminants/build/CMakeFiles/CMakeTmp'
Building C object CMakeFiles/cmTC_0d12e.dir/CMakeCCompilerABI.c.o
/Applications/Xcode.app/Contents/Developer/Toolchains/XcodeDefault.xctoolchain/usr/bin/cc   -isysroot /Applications/Xcode.app/Contents/Developer/Platforms/MacOSX.platform/Developer/SDKs/MacOSX10.10.sdk   -o CMakeFiles/cmTC_0d12e.dir/CMakeCCompilerABI.c.o   -c /opt/local/share/cmake-3.3/Modules/CMakeCCompilerABI.c
Linking C executable cmTC_0d12e
/opt/local/bin/cmake -E cmake_link_script CMakeFiles/cmTC_0d12e.dir/link.txt --verbose=1
/Applications/Xcode.app/Contents/Developer/Toolchains/XcodeDefault.xctoolchain/usr/bin/cc    -isysroot /Applications/Xcode.app/Contents/Developer/Platforms/MacOSX.platform/Developer/SDKs/MacOSX10.10.sdk -Wl,-search_paths_first -Wl,-headerpad_max_install_names  -v -Wl,-v CMakeFiles/cmTC_0d12e.dir/CMakeCCompilerABI.c.o  -o cmTC_0d12e   
Apple LLVM version 6.1.0 (clang-602.0.53) (based on LLVM 3.6.0svn)
Target: x86_64-apple-darwin15.0.0
Thread model: posix
 "/Applications/Xcode.app/Contents/Developer/Toolchains/XcodeDefault.xctoolchain/usr/bin/ld" -demangle -dynamic -arch x86_64 -macosx_version_min 10.11.0 -syslibroot /Applications/Xcode.app/Contents/Developer/Platforms/MacOSX.platform/Developer/SDKs/MacOSX10.10.sdk -o cmTC_0d12e -search_paths_first -headerpad_max_install_names -v CMakeFiles/cmTC_0d12e.dir/CMakeCCompilerABI.c.o -lSystem /Applications/Xcode.app/Contents/Developer/Toolchains/XcodeDefault.xctoolchain/usr/bin/../lib/clang/6.1.0/lib/darwin/libclang_rt.osx.a
@(#)PROGRAM:ld  PROJECT:ld64-242.2
configured to support archs: armv6 armv7 armv7s arm64 i386 x86_64 x86_64h armv6m armv7m armv7em
Library search paths:
	/Applications/Xcode.app/Contents/Developer/Platforms/MacOSX.platform/Developer/SDKs/MacOSX10.10.sdk/usr/lib
Framework search paths:
	/Applications/Xcode.app/Contents/Developer/Platforms/MacOSX.platform/Developer/SDKs/MacOSX10.10.sdk/System/Library/Frameworks/
gmake[1]: Leaving directory '/Users/tiagojc/Dropbox/fabio-colaboration/illuminant-transformed-spaces-tifs-source-code/illuminants/build/CMakeFiles/CMakeTmp'


Parsed C implicit link information from above output:
  link line regex: [^( *|.*[/\])(ld|([^/\]+-)?ld|collect2)[^/\]*( |$)]
  ignore line: [Change Dir: /Users/tiagojc/Dropbox/fabio-colaboration/illuminant-transformed-spaces-tifs-source-code/illuminants/build/CMakeFiles/CMakeTmp]
  ignore line: []
  ignore line: [Run Build Command:"/opt/local/bin/gmake" "cmTC_0d12e/fast"]
  ignore line: [/opt/local/bin/gmake -f CMakeFiles/cmTC_0d12e.dir/build.make CMakeFiles/cmTC_0d12e.dir/build]
  ignore line: [gmake[1]: Entering directory '/Users/tiagojc/Dropbox/fabio-colaboration/illuminant-transformed-spaces-tifs-source-code/illuminants/build/CMakeFiles/CMakeTmp']
  ignore line: [Building C object CMakeFiles/cmTC_0d12e.dir/CMakeCCompilerABI.c.o]
  ignore line: [/Applications/Xcode.app/Contents/Developer/Toolchains/XcodeDefault.xctoolchain/usr/bin/cc   -isysroot /Applications/Xcode.app/Contents/Developer/Platforms/MacOSX.platform/Developer/SDKs/MacOSX10.10.sdk   -o CMakeFiles/cmTC_0d12e.dir/CMakeCCompilerABI.c.o   -c /opt/local/share/cmake-3.3/Modules/CMakeCCompilerABI.c]
  ignore line: [Linking C executable cmTC_0d12e]
  ignore line: [/opt/local/bin/cmake -E cmake_link_script CMakeFiles/cmTC_0d12e.dir/link.txt --verbose=1]
  ignore line: [/Applications/Xcode.app/Contents/Developer/Toolchains/XcodeDefault.xctoolchain/usr/bin/cc    -isysroot /Applications/Xcode.app/Contents/Developer/Platforms/MacOSX.platform/Developer/SDKs/MacOSX10.10.sdk -Wl,-search_paths_first -Wl,-headerpad_max_install_names  -v -Wl,-v CMakeFiles/cmTC_0d12e.dir/CMakeCCompilerABI.c.o  -o cmTC_0d12e   ]
  ignore line: [Apple LLVM version 6.1.0 (clang-602.0.53) (based on LLVM 3.6.0svn)]
  ignore line: [Target: x86_64-apple-darwin15.0.0]
  ignore line: [Thread model: posix]
  link line: [ "/Applications/Xcode.app/Contents/Developer/Toolchains/XcodeDefault.xctoolchain/usr/bin/ld" -demangle -dynamic -arch x86_64 -macosx_version_min 10.11.0 -syslibroot /Applications/Xcode.app/Contents/Developer/Platforms/MacOSX.platform/Developer/SDKs/MacOSX10.10.sdk -o cmTC_0d12e -search_paths_first -headerpad_max_install_names -v CMakeFiles/cmTC_0d12e.dir/CMakeCCompilerABI.c.o -lSystem /Applications/Xcode.app/Contents/Developer/Toolchains/XcodeDefault.xctoolchain/usr/bin/../lib/clang/6.1.0/lib/darwin/libclang_rt.osx.a]
    arg [/Applications/Xcode.app/Contents/Developer/Toolchains/XcodeDefault.xctoolchain/usr/bin/ld] ==> ignore
    arg [-demangle] ==> ignore
    arg [-dynamic] ==> ignore
    arg [-arch] ==> ignore
    arg [x86_64] ==> ignore
    arg [-macosx_version_min] ==> ignore
    arg [10.11.0] ==> ignore
    arg [-syslibroot] ==> ignore
    arg [/Applications/Xcode.app/Contents/Developer/Platforms/MacOSX.platform/Developer/SDKs/MacOSX10.10.sdk] ==> ignore
    arg [-o] ==> ignore
    arg [cmTC_0d12e] ==> ignore
    arg [-search_paths_first] ==> ignore
    arg [-headerpad_max_install_names] ==> ignore
    arg [-v] ==> ignore
    arg [CMakeFiles/cmTC_0d12e.dir/CMakeCCompilerABI.c.o] ==> ignore
    arg [-lSystem] ==> lib [System]
    arg [/Applications/Xcode.app/Contents/Developer/Toolchains/XcodeDefault.xctoolchain/usr/bin/../lib/clang/6.1.0/lib/darwin/libclang_rt.osx.a] ==> lib [/Applications/Xcode.app/Contents/Developer/Toolchains/XcodeDefault.xctoolchain/usr/bin/../lib/clang/6.1.0/lib/darwin/libclang_rt.osx.a]
  Library search paths: [;/Applications/Xcode.app/Contents/Developer/Platforms/MacOSX.platform/Developer/SDKs/MacOSX10.10.sdk/usr/lib]
  Framework search paths: [;/Applications/Xcode.app/Contents/Developer/Platforms/MacOSX.platform/Developer/SDKs/MacOSX10.10.sdk/System/Library/Frameworks/]
  remove lib [System]
  collapse lib [/Applications/Xcode.app/Contents/Developer/Toolchains/XcodeDefault.xctoolchain/usr/bin/../lib/clang/6.1.0/lib/darwin/libclang_rt.osx.a] ==> [/Applications/Xcode.app/Contents/Developer/Toolchains/XcodeDefault.xctoolchain/usr/lib/clang/6.1.0/lib/darwin/libclang_rt.osx.a]
  collapse library dir [/Applications/Xcode.app/Contents/Developer/Platforms/MacOSX.platform/Developer/SDKs/MacOSX10.10.sdk/usr/lib] ==> [/Applications/Xcode.app/Contents/Developer/Platforms/MacOSX.platform/Developer/SDKs/MacOSX10.10.sdk/usr/lib]
  collapse framework dir [/Applications/Xcode.app/Contents/Developer/Platforms/MacOSX.platform/Developer/SDKs/MacOSX10.10.sdk/System/Library/Frameworks/] ==> [/Applications/Xcode.app/Contents/Developer/Platforms/MacOSX.platform/Developer/SDKs/MacOSX10.10.sdk/System/Library/Frameworks]
  implicit libs: [/Applications/Xcode.app/Contents/Developer/Toolchains/XcodeDefault.xctoolchain/usr/lib/clang/6.1.0/lib/darwin/libclang_rt.osx.a]
  implicit dirs: [/Applications/Xcode.app/Contents/Developer/Platforms/MacOSX.platform/Developer/SDKs/MacOSX10.10.sdk/usr/lib]
  implicit fwks: [/Applications/Xcode.app/Contents/Developer/Platforms/MacOSX.platform/Developer/SDKs/MacOSX10.10.sdk/System/Library/Frameworks]




Detecting C [-std=c11] compiler features compiled with the following output:
Change Dir: /Users/tiagojc/Dropbox/fabio-colaboration/illuminant-transformed-spaces-tifs-source-code/illuminants/build/CMakeFiles/CMakeTmp

Run Build Command:"/opt/local/bin/gmake" "cmTC_1487b/fast"
/opt/local/bin/gmake -f CMakeFiles/cmTC_1487b.dir/build.make CMakeFiles/cmTC_1487b.dir/build
gmake[1]: Entering directory '/Users/tiagojc/Dropbox/fabio-colaboration/illuminant-transformed-spaces-tifs-source-code/illuminants/build/CMakeFiles/CMakeTmp'
Building C object CMakeFiles/cmTC_1487b.dir/feature_tests.c.o
/Applications/Xcode.app/Contents/Developer/Toolchains/XcodeDefault.xctoolchain/usr/bin/cc   -isysroot /Applications/Xcode.app/Contents/Developer/Platforms/MacOSX.platform/Developer/SDKs/MacOSX10.10.sdk   -std=c11 -o CMakeFiles/cmTC_1487b.dir/feature_tests.c.o   -c /Users/tiagojc/Dropbox/fabio-colaboration/illuminant-transformed-spaces-tifs-source-code/illuminants/build/CMakeFiles/feature_tests.c
Linking C executable cmTC_1487b
/opt/local/bin/cmake -E cmake_link_script CMakeFiles/cmTC_1487b.dir/link.txt --verbose=1
/Applications/Xcode.app/Contents/Developer/Toolchains/XcodeDefault.xctoolchain/usr/bin/cc    -isysroot /Applications/Xcode.app/Contents/Developer/Platforms/MacOSX.platform/Developer/SDKs/MacOSX10.10.sdk -Wl,-search_paths_first -Wl,-headerpad_max_install_names   CMakeFiles/cmTC_1487b.dir/feature_tests.c.o  -o cmTC_1487b  
gmake[1]: Leaving directory '/Users/tiagojc/Dropbox/fabio-colaboration/illuminant-transformed-spaces-tifs-source-code/illuminants/build/CMakeFiles/CMakeTmp'


    Feature record: C_FEATURE:1c_function_prototypes
    Feature record: C_FEATURE:1c_restrict
    Feature record: C_FEATURE:1c_static_assert
    Feature record: C_FEATURE:1c_variadic_macros


Detecting C [-std=c99] compiler features compiled with the following output:
Change Dir: /Users/tiagojc/Dropbox/fabio-colaboration/illuminant-transformed-spaces-tifs-source-code/illuminants/build/CMakeFiles/CMakeTmp

Run Build Command:"/opt/local/bin/gmake" "cmTC_4a74c/fast"
/opt/local/bin/gmake -f CMakeFiles/cmTC_4a74c.dir/build.make CMakeFiles/cmTC_4a74c.dir/build
gmake[1]: Entering directory '/Users/tiagojc/Dropbox/fabio-colaboration/illuminant-transformed-spaces-tifs-source-code/illuminants/build/CMakeFiles/CMakeTmp'
Building C object CMakeFiles/cmTC_4a74c.dir/feature_tests.c.o
/Applications/Xcode.app/Contents/Developer/Toolchains/XcodeDefault.xctoolchain/usr/bin/cc   -isysroot /Applications/Xcode.app/Contents/Developer/Platforms/MacOSX.platform/Developer/SDKs/MacOSX10.10.sdk   -std=c99 -o CMakeFiles/cmTC_4a74c.dir/feature_tests.c.o   -c /Users/tiagojc/Dropbox/fabio-colaboration/illuminant-transformed-spaces-tifs-source-code/illuminants/build/CMakeFiles/feature_tests.c
Linking C executable cmTC_4a74c
/opt/local/bin/cmake -E cmake_link_script CMakeFiles/cmTC_4a74c.dir/link.txt --verbose=1
/Applications/Xcode.app/Contents/Developer/Toolchains/XcodeDefault.xctoolchain/usr/bin/cc    -isysroot /Applications/Xcode.app/Contents/Developer/Platforms/MacOSX.platform/Developer/SDKs/MacOSX10.10.sdk -Wl,-search_paths_first -Wl,-headerpad_max_install_names   CMakeFiles/cmTC_4a74c.dir/feature_tests.c.o  -o cmTC_4a74c  
gmake[1]: Leaving directory '/Users/tiagojc/Dropbox/fabio-colaboration/illuminant-transformed-spaces-tifs-source-code/illuminants/build/CMakeFiles/CMakeTmp'


    Feature record: C_FEATURE:1c_function_prototypes
    Feature record: C_FEATURE:1c_restrict
    Feature record: C_FEATURE:0c_static_assert
    Feature record: C_FEATURE:1c_variadic_macros


Detecting C [-std=c90] compiler features compiled with the following output:
Change Dir: /Users/tiagojc/Dropbox/fabio-colaboration/illuminant-transformed-spaces-tifs-source-code/illuminants/build/CMakeFiles/CMakeTmp

Run Build Command:"/opt/local/bin/gmake" "cmTC_150b1/fast"
/opt/local/bin/gmake -f CMakeFiles/cmTC_150b1.dir/build.make CMakeFiles/cmTC_150b1.dir/build
gmake[1]: Entering directory '/Users/tiagojc/Dropbox/fabio-colaboration/illuminant-transformed-spaces-tifs-source-code/illuminants/build/CMakeFiles/CMakeTmp'
Building C object CMakeFiles/cmTC_150b1.dir/feature_tests.c.o
/Applications/Xcode.app/Contents/Developer/Toolchains/XcodeDefault.xctoolchain/usr/bin/cc   -isysroot /Applications/Xcode.app/Contents/Developer/Platforms/MacOSX.platform/Developer/SDKs/MacOSX10.10.sdk   -std=c90 -o CMakeFiles/cmTC_150b1.dir/feature_tests.c.o   -c /Users/tiagojc/Dropbox/fabio-colaboration/illuminant-transformed-spaces-tifs-source-code/illuminants/build/CMakeFiles/feature_tests.c
Linking C executable cmTC_150b1
/opt/local/bin/cmake -E cmake_link_script CMakeFiles/cmTC_150b1.dir/link.txt --verbose=1
/Applications/Xcode.app/Contents/Developer/Toolchains/XcodeDefault.xctoolchain/usr/bin/cc    -isysroot /Applications/Xcode.app/Contents/Developer/Platforms/MacOSX.platform/Developer/SDKs/MacOSX10.10.sdk -Wl,-search_paths_first -Wl,-headerpad_max_install_names   CMakeFiles/cmTC_150b1.dir/feature_tests.c.o  -o cmTC_150b1  
gmake[1]: Leaving directory '/Users/tiagojc/Dropbox/fabio-colaboration/illuminant-transformed-spaces-tifs-source-code/illuminants/build/CMakeFiles/CMakeTmp'


    Feature record: C_FEATURE:1c_function_prototypes
    Feature record: C_FEATURE:0c_restrict
    Feature record: C_FEATURE:0c_static_assert
    Feature record: C_FEATURE:0c_variadic_macros
Determining if the CXX compiler works passed with the following output:
Change Dir: /Users/tiagojc/Dropbox/fabio-colaboration/illuminant-transformed-spaces-tifs-source-code/illuminants/build/CMakeFiles/CMakeTmp

Run Build Command:"/opt/local/bin/gmake" "cmTC_7d4ed/fast"
/opt/local/bin/gmake -f CMakeFiles/cmTC_7d4ed.dir/build.make CMakeFiles/cmTC_7d4ed.dir/build
gmake[1]: Entering directory '/Users/tiagojc/Dropbox/fabio-colaboration/illuminant-transformed-spaces-tifs-source-code/illuminants/build/CMakeFiles/CMakeTmp'
Building CXX object CMakeFiles/cmTC_7d4ed.dir/testCXXCompiler.cxx.o
/Applications/Xcode.app/Contents/Developer/Toolchains/XcodeDefault.xctoolchain/usr/bin/c++    -isysroot /Applications/Xcode.app/Contents/Developer/Platforms/MacOSX.platform/Developer/SDKs/MacOSX10.10.sdk   -o CMakeFiles/cmTC_7d4ed.dir/testCXXCompiler.cxx.o -c /Users/tiagojc/Dropbox/fabio-colaboration/illuminant-transformed-spaces-tifs-source-code/illuminants/build/CMakeFiles/CMakeTmp/testCXXCompiler.cxx
Linking CXX executable cmTC_7d4ed
/opt/local/bin/cmake -E cmake_link_script CMakeFiles/cmTC_7d4ed.dir/link.txt --verbose=1
/Applications/Xcode.app/Contents/Developer/Toolchains/XcodeDefault.xctoolchain/usr/bin/c++     -isysroot /Applications/Xcode.app/Contents/Developer/Platforms/MacOSX.platform/Developer/SDKs/MacOSX10.10.sdk -Wl,-search_paths_first -Wl,-headerpad_max_install_names   CMakeFiles/cmTC_7d4ed.dir/testCXXCompiler.cxx.o  -o cmTC_7d4ed  
gmake[1]: Leaving directory '/Users/tiagojc/Dropbox/fabio-colaboration/illuminant-transformed-spaces-tifs-source-code/illuminants/build/CMakeFiles/CMakeTmp'


Detecting CXX compiler ABI info compiled with the following output:
Change Dir: /Users/tiagojc/Dropbox/fabio-colaboration/illuminant-transformed-spaces-tifs-source-code/illuminants/build/CMakeFiles/CMakeTmp

Run Build Command:"/opt/local/bin/gmake" "cmTC_03c30/fast"
/opt/local/bin/gmake -f CMakeFiles/cmTC_03c30.dir/build.make CMakeFiles/cmTC_03c30.dir/build
gmake[1]: Entering directory '/Users/tiagojc/Dropbox/fabio-colaboration/illuminant-transformed-spaces-tifs-source-code/illuminants/build/CMakeFiles/CMakeTmp'
Building CXX object CMakeFiles/cmTC_03c30.dir/CMakeCXXCompilerABI.cpp.o
/Applications/Xcode.app/Contents/Developer/Toolchains/XcodeDefault.xctoolchain/usr/bin/c++    -isysroot /Applications/Xcode.app/Contents/Developer/Platforms/MacOSX.platform/Developer/SDKs/MacOSX10.10.sdk   -o CMakeFiles/cmTC_03c30.dir/CMakeCXXCompilerABI.cpp.o -c /opt/local/share/cmake-3.3/Modules/CMakeCXXCompilerABI.cpp
Linking CXX executable cmTC_03c30
/opt/local/bin/cmake -E cmake_link_script CMakeFiles/cmTC_03c30.dir/link.txt --verbose=1
/Applications/Xcode.app/Contents/Developer/Toolchains/XcodeDefault.xctoolchain/usr/bin/c++     -isysroot /Applications/Xcode.app/Contents/Developer/Platforms/MacOSX.platform/Developer/SDKs/MacOSX10.10.sdk -Wl,-search_paths_first -Wl,-headerpad_max_install_names  -v -Wl,-v CMakeFiles/cmTC_03c30.dir/CMakeCXXCompilerABI.cpp.o  -o cmTC_03c30   
Apple LLVM version 6.1.0 (clang-602.0.53) (based on LLVM 3.6.0svn)
Target: x86_64-apple-darwin15.0.0
Thread model: posix
 "/Applications/Xcode.app/Contents/Developer/Toolchains/XcodeDefault.xctoolchain/usr/bin/ld" -demangle -dynamic -arch x86_64 -macosx_version_min 10.11.0 -syslibroot /Applications/Xcode.app/Contents/Developer/Platforms/MacOSX.platform/Developer/SDKs/MacOSX10.10.sdk -o cmTC_03c30 -search_paths_first -headerpad_max_install_names -v CMakeFiles/cmTC_03c30.dir/CMakeCXXCompilerABI.cpp.o -lc++ -lSystem /Applications/Xcode.app/Contents/Developer/Toolchains/XcodeDefault.xctoolchain/usr/bin/../lib/clang/6.1.0/lib/darwin/libclang_rt.osx.a
@(#)PROGRAM:ld  PROJECT:ld64-242.2
configured to support archs: armv6 armv7 armv7s arm64 i386 x86_64 x86_64h armv6m armv7m armv7em
Library search paths:
	/Applications/Xcode.app/Contents/Developer/Platforms/MacOSX.platform/Developer/SDKs/MacOSX10.10.sdk/usr/lib
Framework search paths:
	/Applications/Xcode.app/Contents/Developer/Platforms/MacOSX.platform/Developer/SDKs/MacOSX10.10.sdk/System/Library/Frameworks/
gmake[1]: Leaving directory '/Users/tiagojc/Dropbox/fabio-colaboration/illuminant-transformed-spaces-tifs-source-code/illuminants/build/CMakeFiles/CMakeTmp'


Parsed CXX implicit link information from above output:
  link line regex: [^( *|.*[/\])(ld|([^/\]+-)?ld|collect2)[^/\]*( |$)]
  ignore line: [Change Dir: /Users/tiagojc/Dropbox/fabio-colaboration/illuminant-transformed-spaces-tifs-source-code/illuminants/build/CMakeFiles/CMakeTmp]
  ignore line: []
  ignore line: [Run Build Command:"/opt/local/bin/gmake" "cmTC_03c30/fast"]
  ignore line: [/opt/local/bin/gmake -f CMakeFiles/cmTC_03c30.dir/build.make CMakeFiles/cmTC_03c30.dir/build]
  ignore line: [gmake[1]: Entering directory '/Users/tiagojc/Dropbox/fabio-colaboration/illuminant-transformed-spaces-tifs-source-code/illuminants/build/CMakeFiles/CMakeTmp']
  ignore line: [Building CXX object CMakeFiles/cmTC_03c30.dir/CMakeCXXCompilerABI.cpp.o]
  ignore line: [/Applications/Xcode.app/Contents/Developer/Toolchains/XcodeDefault.xctoolchain/usr/bin/c++    -isysroot /Applications/Xcode.app/Contents/Developer/Platforms/MacOSX.platform/Developer/SDKs/MacOSX10.10.sdk   -o CMakeFiles/cmTC_03c30.dir/CMakeCXXCompilerABI.cpp.o -c /opt/local/share/cmake-3.3/Modules/CMakeCXXCompilerABI.cpp]
  ignore line: [Linking CXX executable cmTC_03c30]
  ignore line: [/opt/local/bin/cmake -E cmake_link_script CMakeFiles/cmTC_03c30.dir/link.txt --verbose=1]
  ignore line: [/Applications/Xcode.app/Contents/Developer/Toolchains/XcodeDefault.xctoolchain/usr/bin/c++     -isysroot /Applications/Xcode.app/Contents/Developer/Platforms/MacOSX.platform/Developer/SDKs/MacOSX10.10.sdk -Wl,-search_paths_first -Wl,-headerpad_max_install_names  -v -Wl,-v CMakeFiles/cmTC_03c30.dir/CMakeCXXCompilerABI.cpp.o  -o cmTC_03c30   ]
  ignore line: [Apple LLVM version 6.1.0 (clang-602.0.53) (based on LLVM 3.6.0svn)]
  ignore line: [Target: x86_64-apple-darwin15.0.0]
  ignore line: [Thread model: posix]
  link line: [ "/Applications/Xcode.app/Contents/Developer/Toolchains/XcodeDefault.xctoolchain/usr/bin/ld" -demangle -dynamic -arch x86_64 -macosx_version_min 10.11.0 -syslibroot /Applications/Xcode.app/Contents/Developer/Platforms/MacOSX.platform/Developer/SDKs/MacOSX10.10.sdk -o cmTC_03c30 -search_paths_first -headerpad_max_install_names -v CMakeFiles/cmTC_03c30.dir/CMakeCXXCompilerABI.cpp.o -lc++ -lSystem /Applications/Xcode.app/Contents/Developer/Toolchains/XcodeDefault.xctoolchain/usr/bin/../lib/clang/6.1.0/lib/darwin/libclang_rt.osx.a]
    arg [/Applications/Xcode.app/Contents/Developer/Toolchains/XcodeDefault.xctoolchain/usr/bin/ld] ==> ignore
    arg [-demangle] ==> ignore
    arg [-dynamic] ==> ignore
    arg [-arch] ==> ignore
    arg [x86_64] ==> ignore
    arg [-macosx_version_min] ==> ignore
    arg [10.11.0] ==> ignore
    arg [-syslibroot] ==> ignore
    arg [/Applications/Xcode.app/Contents/Developer/Platforms/MacOSX.platform/Developer/SDKs/MacOSX10.10.sdk] ==> ignore
    arg [-o] ==> ignore
    arg [cmTC_03c30] ==> ignore
    arg [-search_paths_first] ==> ignore
    arg [-headerpad_max_install_names] ==> ignore
    arg [-v] ==> ignore
    arg [CMakeFiles/cmTC_03c30.dir/CMakeCXXCompilerABI.cpp.o] ==> ignore
    arg [-lc++] ==> lib [c++]
    arg [-lSystem] ==> lib [System]
    arg [/Applications/Xcode.app/Contents/Developer/Toolchains/XcodeDefault.xctoolchain/usr/bin/../lib/clang/6.1.0/lib/darwin/libclang_rt.osx.a] ==> lib [/Applications/Xcode.app/Contents/Developer/Toolchains/XcodeDefault.xctoolchain/usr/bin/../lib/clang/6.1.0/lib/darwin/libclang_rt.osx.a]
  Library search paths: [;/Applications/Xcode.app/Contents/Developer/Platforms/MacOSX.platform/Developer/SDKs/MacOSX10.10.sdk/usr/lib]
  Framework search paths: [;/Applications/Xcode.app/Contents/Developer/Platforms/MacOSX.platform/Developer/SDKs/MacOSX10.10.sdk/System/Library/Frameworks/]
  remove lib [System]
  collapse lib [/Applications/Xcode.app/Contents/Developer/Toolchains/XcodeDefault.xctoolchain/usr/bin/../lib/clang/6.1.0/lib/darwin/libclang_rt.osx.a] ==> [/Applications/Xcode.app/Contents/Developer/Toolchains/XcodeDefault.xctoolchain/usr/lib/clang/6.1.0/lib/darwin/libclang_rt.osx.a]
  collapse library dir [/Applications/Xcode.app/Contents/Developer/Platforms/MacOSX.platform/Developer/SDKs/MacOSX10.10.sdk/usr/lib] ==> [/Applications/Xcode.app/Contents/Developer/Platforms/MacOSX.platform/Developer/SDKs/MacOSX10.10.sdk/usr/lib]
  collapse framework dir [/Applications/Xcode.app/Contents/Developer/Platforms/MacOSX.platform/Developer/SDKs/MacOSX10.10.sdk/System/Library/Frameworks/] ==> [/Applications/Xcode.app/Contents/Developer/Platforms/MacOSX.platform/Developer/SDKs/MacOSX10.10.sdk/System/Library/Frameworks]
  implicit libs: [c++;/Applications/Xcode.app/Contents/Developer/Toolchains/XcodeDefault.xctoolchain/usr/lib/clang/6.1.0/lib/darwin/libclang_rt.osx.a]
  implicit dirs: [/Applications/Xcode.app/Contents/Developer/Platforms/MacOSX.platform/Developer/SDKs/MacOSX10.10.sdk/usr/lib]
  implicit fwks: [/Applications/Xcode.app/Contents/Developer/Platforms/MacOSX.platform/Developer/SDKs/MacOSX10.10.sdk/System/Library/Frameworks]




Detecting CXX [-std=c++1y] compiler features compiled with the following output:
Change Dir: /Users/tiagojc/Dropbox/fabio-colaboration/illuminant-transformed-spaces-tifs-source-code/illuminants/build/CMakeFiles/CMakeTmp

Run Build Command:"/opt/local/bin/gmake" "cmTC_b1cdd/fast"
/opt/local/bin/gmake -f CMakeFiles/cmTC_b1cdd.dir/build.make CMakeFiles/cmTC_b1cdd.dir/build
gmake[1]: Entering directory '/Users/tiagojc/Dropbox/fabio-colaboration/illuminant-transformed-spaces-tifs-source-code/illuminants/build/CMakeFiles/CMakeTmp'
Building CXX object CMakeFiles/cmTC_b1cdd.dir/feature_tests.cxx.o
/Applications/Xcode.app/Contents/Developer/Toolchains/XcodeDefault.xctoolchain/usr/bin/c++    -isysroot /Applications/Xcode.app/Contents/Developer/Platforms/MacOSX.platform/Developer/SDKs/MacOSX10.10.sdk   -std=c++1y -o CMakeFiles/cmTC_b1cdd.dir/feature_tests.cxx.o -c /Users/tiagojc/Dropbox/fabio-colaboration/illuminant-transformed-spaces-tifs-source-code/illuminants/build/CMakeFiles/feature_tests.cxx
Linking CXX executable cmTC_b1cdd
/opt/local/bin/cmake -E cmake_link_script CMakeFiles/cmTC_b1cdd.dir/link.txt --verbose=1
/Applications/Xcode.app/Contents/Developer/Toolchains/XcodeDefault.xctoolchain/usr/bin/c++     -isysroot /Applications/Xcode.app/Contents/Developer/Platforms/MacOSX.platform/Developer/SDKs/MacOSX10.10.sdk -Wl,-search_paths_first -Wl,-headerpad_max_install_names   CMakeFiles/cmTC_b1cdd.dir/feature_tests.cxx.o  -o cmTC_b1cdd  
gmake[1]: Leaving directory '/Users/tiagojc/Dropbox/fabio-colaboration/illuminant-transformed-spaces-tifs-source-code/illuminants/build/CMakeFiles/CMakeTmp'


    Feature record: CXX_FEATURE:1cxx_aggregate_default_initializers
    Feature record: CXX_FEATURE:1cxx_alias_templates
    Feature record: CXX_FEATURE:1cxx_alignas
    Feature record: CXX_FEATURE:1cxx_alignof
    Feature record: CXX_FEATURE:1cxx_attributes
    Feature record: CXX_FEATURE:1cxx_attribute_deprecated
    Feature record: CXX_FEATURE:1cxx_auto_type
    Feature record: CXX_FEATURE:1cxx_binary_literals
    Feature record: CXX_FEATURE:1cxx_constexpr
    Feature record: CXX_FEATURE:1cxx_contextual_conversions
    Feature record: CXX_FEATURE:1cxx_decltype
    Feature record: CXX_FEATURE:1cxx_decltype_auto
    Feature record: CXX_FEATURE:1cxx_decltype_incomplete_return_types
    Feature record: CXX_FEATURE:1cxx_default_function_template_args
    Feature record: CXX_FEATURE:1cxx_defaulted_functions
    Feature record: CXX_FEATURE:1cxx_defaulted_move_initializers
    Feature record: CXX_FEATURE:1cxx_delegating_constructors
    Feature record: CXX_FEATURE:1cxx_deleted_functions
    Feature record: CXX_FEATURE:1cxx_digit_separators
    Feature record: CXX_FEATURE:1cxx_enum_forward_declarations
    Feature record: CXX_FEATURE:1cxx_explicit_conversions
    Feature record: CXX_FEATURE:1cxx_extended_friend_declarations
    Feature record: CXX_FEATURE:1cxx_extern_templates
    Feature record: CXX_FEATURE:1cxx_final
    Feature record: CXX_FEATURE:1cxx_func_identifier
    Feature record: CXX_FEATURE:1cxx_generalized_initializers
    Feature record: CXX_FEATURE:1cxx_generic_lambdas
    Feature record: CXX_FEATURE:1cxx_inheriting_constructors
    Feature record: CXX_FEATURE:1cxx_inline_namespaces
    Feature record: CXX_FEATURE:1cxx_lambdas
    Feature record: CXX_FEATURE:1cxx_lambda_init_captures
    Feature record: CXX_FEATURE:1cxx_local_type_template_args
    Feature record: CXX_FEATURE:1cxx_long_long_type
    Feature record: CXX_FEATURE:1cxx_noexcept
    Feature record: CXX_FEATURE:1cxx_nonstatic_member_init
    Feature record: CXX_FEATURE:1cxx_nullptr
    Feature record: CXX_FEATURE:1cxx_override
    Feature record: CXX_FEATURE:1cxx_range_for
    Feature record: CXX_FEATURE:1cxx_raw_string_literals
    Feature record: CXX_FEATURE:1cxx_reference_qualified_functions
    Feature record: CXX_FEATURE:1cxx_relaxed_constexpr
    Feature record: CXX_FEATURE:1cxx_return_type_deduction
    Feature record: CXX_FEATURE:1cxx_right_angle_brackets
    Feature record: CXX_FEATURE:1cxx_rvalue_references
    Feature record: CXX_FEATURE:1cxx_sizeof_member
    Feature record: CXX_FEATURE:1cxx_static_assert
    Feature record: CXX_FEATURE:1cxx_strong_enums
    Feature record: CXX_FEATURE:1cxx_template_template_parameters
    Feature record: CXX_FEATURE:0cxx_thread_local
    Feature record: CXX_FEATURE:1cxx_trailing_return_types
    Feature record: CXX_FEATURE:1cxx_unicode_literals
    Feature record: CXX_FEATURE:1cxx_uniform_initialization
    Feature record: CXX_FEATURE:1cxx_unrestricted_unions
    Feature record: CXX_FEATURE:1cxx_user_literals
    Feature record: CXX_FEATURE:1cxx_variable_templates
    Feature record: CXX_FEATURE:1cxx_variadic_macros
    Feature record: CXX_FEATURE:1cxx_variadic_templates


Detecting CXX [-std=c++11] compiler features compiled with the following output:
Change Dir: /Users/tiagojc/Dropbox/fabio-colaboration/illuminant-transformed-spaces-tifs-source-code/illuminants/build/CMakeFiles/CMakeTmp

Run Build Command:"/opt/local/bin/gmake" "cmTC_19d68/fast"
/opt/local/bin/gmake -f CMakeFiles/cmTC_19d68.dir/build.make CMakeFiles/cmTC_19d68.dir/build
gmake[1]: Entering directory '/Users/tiagojc/Dropbox/fabio-colaboration/illuminant-transformed-spaces-tifs-source-code/illuminants/build/CMakeFiles/CMakeTmp'
Building CXX object CMakeFiles/cmTC_19d68.dir/feature_tests.cxx.o
/Applications/Xcode.app/Contents/Developer/Toolchains/XcodeDefault.xctoolchain/usr/bin/c++    -isysroot /Applications/Xcode.app/Contents/Developer/Platforms/MacOSX.platform/Developer/SDKs/MacOSX10.10.sdk   -std=c++11 -o CMakeFiles/cmTC_19d68.dir/feature_tests.cxx.o -c /Users/tiagojc/Dropbox/fabio-colaboration/illuminant-transformed-spaces-tifs-source-code/illuminants/build/CMakeFiles/feature_tests.cxx
Linking CXX executable cmTC_19d68
/opt/local/bin/cmake -E cmake_link_script CMakeFiles/cmTC_19d68.dir/link.txt --verbose=1
/Applications/Xcode.app/Contents/Developer/Toolchains/XcodeDefault.xctoolchain/usr/bin/c++     -isysroot /Applications/Xcode.app/Contents/Developer/Platforms/MacOSX.platform/Developer/SDKs/MacOSX10.10.sdk -Wl,-search_paths_first -Wl,-headerpad_max_install_names   CMakeFiles/cmTC_19d68.dir/feature_tests.cxx.o  -o cmTC_19d68  
gmake[1]: Leaving directory '/Users/tiagojc/Dropbox/fabio-colaboration/illuminant-transformed-spaces-tifs-source-code/illuminants/build/CMakeFiles/CMakeTmp'


    Feature record: CXX_FEATURE:0cxx_aggregate_default_initializers
    Feature record: CXX_FEATURE:1cxx_alias_templates
    Feature record: CXX_FEATURE:1cxx_alignas
    Feature record: CXX_FEATURE:1cxx_alignof
    Feature record: CXX_FEATURE:1cxx_attributes
    Feature record: CXX_FEATURE:0cxx_attribute_deprecated
    Feature record: CXX_FEATURE:1cxx_auto_type
    Feature record: CXX_FEATURE:0cxx_binary_literals
    Feature record: CXX_FEATURE:1cxx_constexpr
    Feature record: CXX_FEATURE:0cxx_contextual_conversions
    Feature record: CXX_FEATURE:1cxx_decltype
    Feature record: CXX_FEATURE:0cxx_decltype_auto
    Feature record: CXX_FEATURE:1cxx_decltype_incomplete_return_types
    Feature record: CXX_FEATURE:1cxx_default_function_template_args
    Feature record: CXX_FEATURE:1cxx_defaulted_functions
    Feature record: CXX_FEATURE:1cxx_defaulted_move_initializers
    Feature record: CXX_FEATURE:1cxx_delegating_constructors
    Feature record: CXX_FEATURE:1cxx_deleted_functions
    Feature record: CXX_FEATURE:0cxx_digit_separators
    Feature record: CXX_FEATURE:1cxx_enum_forward_declarations
    Feature record: CXX_FEATURE:1cxx_explicit_conversions
    Feature record: CXX_FEATURE:1cxx_extended_friend_declarations
    Feature record: CXX_FEATURE:1cxx_extern_templates
    Feature record: CXX_FEATURE:1cxx_final
    Feature record: CXX_FEATURE:1cxx_func_identifier
    Feature record: CXX_FEATURE:1cxx_generalized_initializers
    Feature record: CXX_FEATURE:0cxx_generic_lambdas
    Feature record: CXX_FEATURE:1cxx_inheriting_constructors
    Feature record: CXX_FEATURE:1cxx_inline_namespaces
    Feature record: CXX_FEATURE:1cxx_lambdas
    Feature record: CXX_FEATURE:0cxx_lambda_init_captures
    Feature record: CXX_FEATURE:1cxx_local_type_template_args
    Feature record: CXX_FEATURE:1cxx_long_long_type
    Feature record: CXX_FEATURE:1cxx_noexcept
    Feature record: CXX_FEATURE:1cxx_nonstatic_member_init
    Feature record: CXX_FEATURE:1cxx_nullptr
    Feature record: CXX_FEATURE:1cxx_override
    Feature record: CXX_FEATURE:1cxx_range_for
    Feature record: CXX_FEATURE:1cxx_raw_string_literals
    Feature record: CXX_FEATURE:1cxx_reference_qualified_functions
    Feature record: CXX_FEATURE:0cxx_relaxed_constexpr
    Feature record: CXX_FEATURE:0cxx_return_type_deduction
    Feature record: CXX_FEATURE:1cxx_right_angle_brackets
    Feature record: CXX_FEATURE:1cxx_rvalue_references
    Feature record: CXX_FEATURE:1cxx_sizeof_member
    Feature record: CXX_FEATURE:1cxx_static_assert
    Feature record: CXX_FEATURE:1cxx_strong_enums
    Feature record: CXX_FEATURE:1cxx_template_template_parameters
    Feature record: CXX_FEATURE:0cxx_thread_local
    Feature record: CXX_FEATURE:1cxx_trailing_return_types
    Feature record: CXX_FEATURE:1cxx_unicode_literals
    Feature record: CXX_FEATURE:1cxx_uniform_initialization
    Feature record: CXX_FEATURE:1cxx_unrestricted_unions
    Feature record: CXX_FEATURE:1cxx_user_literals
    Feature record: CXX_FEATURE:0cxx_variable_templates
    Feature record: CXX_FEATURE:1cxx_variadic_macros
    Feature record: CXX_FEATURE:1cxx_variadic_templates


Detecting CXX [-std=c++98] compiler features compiled with the following output:
Change Dir: /Users/tiagojc/Dropbox/fabio-colaboration/illuminant-transformed-spaces-tifs-source-code/illuminants/build/CMakeFiles/CMakeTmp

Run Build Command:"/opt/local/bin/gmake" "cmTC_3fb75/fast"
/opt/local/bin/gmake -f CMakeFiles/cmTC_3fb75.dir/build.make CMakeFiles/cmTC_3fb75.dir/build
gmake[1]: Entering directory '/Users/tiagojc/Dropbox/fabio-colaboration/illuminant-transformed-spaces-tifs-source-code/illuminants/build/CMakeFiles/CMakeTmp'
Building CXX object CMakeFiles/cmTC_3fb75.dir/feature_tests.cxx.o
/Applications/Xcode.app/Contents/Developer/Toolchains/XcodeDefault.xctoolchain/usr/bin/c++    -isysroot /Applications/Xcode.app/Contents/Developer/Platforms/MacOSX.platform/Developer/SDKs/MacOSX10.10.sdk   -std=c++98 -o CMakeFiles/cmTC_3fb75.dir/feature_tests.cxx.o -c /Users/tiagojc/Dropbox/fabio-colaboration/illuminant-transformed-spaces-tifs-source-code/illuminants/build/CMakeFiles/feature_tests.cxx
Linking CXX executable cmTC_3fb75
/opt/local/bin/cmake -E cmake_link_script CMakeFiles/cmTC_3fb75.dir/link.txt --verbose=1
/Applications/Xcode.app/Contents/Developer/Toolchains/XcodeDefault.xctoolchain/usr/bin/c++     -isysroot /Applications/Xcode.app/Contents/Developer/Platforms/MacOSX.platform/Developer/SDKs/MacOSX10.10.sdk -Wl,-search_paths_first -Wl,-headerpad_max_install_names   CMakeFiles/cmTC_3fb75.dir/feature_tests.cxx.o  -o cmTC_3fb75  
gmake[1]: Leaving directory '/Users/tiagojc/Dropbox/fabio-colaboration/illuminant-transformed-spaces-tifs-source-code/illuminants/build/CMakeFiles/CMakeTmp'


    Feature record: CXX_FEATURE:0cxx_aggregate_default_initializers
    Feature record: CXX_FEATURE:0cxx_alias_templates
    Feature record: CXX_FEATURE:0cxx_alignas
    Feature record: CXX_FEATURE:0cxx_alignof
    Feature record: CXX_FEATURE:0cxx_attributes
    Feature record: CXX_FEATURE:0cxx_attribute_deprecated
    Feature record: CXX_FEATURE:0cxx_auto_type
    Feature record: CXX_FEATURE:0cxx_binary_literals
    Feature record: CXX_FEATURE:0cxx_constexpr
    Feature record: CXX_FEATURE:0cxx_contextual_conversions
    Feature record: CXX_FEATURE:0cxx_decltype
    Feature record: CXX_FEATURE:0cxx_decltype_auto
    Feature record: CXX_FEATURE:0cxx_decltype_incomplete_return_types
    Feature record: CXX_FEATURE:0cxx_default_function_template_args
    Feature record: CXX_FEATURE:0cxx_defaulted_functions
    Feature record: CXX_FEATURE:0cxx_defaulted_move_initializers
    Feature record: CXX_FEATURE:0cxx_delegating_constructors
    Feature record: CXX_FEATURE:0cxx_deleted_functions
    Feature record: CXX_FEATURE:0cxx_digit_separators
    Feature record: CXX_FEATURE:0cxx_enum_forward_declarations
    Feature record: CXX_FEATURE:0cxx_explicit_conversions
    Feature record: CXX_FEATURE:0cxx_extended_friend_declarations
    Feature record: CXX_FEATURE:0cxx_extern_templates
    Feature record: CXX_FEATURE:0cxx_final
    Feature record: CXX_FEATURE:0cxx_func_identifier
    Feature record: CXX_FEATURE:0cxx_generalized_initializers
    Feature record: CXX_FEATURE:0cxx_generic_lambdas
    Feature record: CXX_FEATURE:0cxx_inheriting_constructors
    Feature record: CXX_FEATURE:0cxx_inline_namespaces
    Feature record: CXX_FEATURE:0cxx_lambdas
    Feature record: CXX_FEATURE:0cxx_lambda_init_captures
    Feature record: CXX_FEATURE:0cxx_local_type_template_args
    Feature record: CXX_FEATURE:0cxx_long_long_type
    Feature record: CXX_FEATURE:0cxx_noexcept
    Feature record: CXX_FEATURE:0cxx_nonstatic_member_init
    Feature record: CXX_FEATURE:0cxx_nullptr
    Feature record: CXX_FEATURE:0cxx_override
    Feature record: CXX_FEATURE:0cxx_range_for
    Feature record: CXX_FEATURE:0cxx_raw_string_literals
    Feature record: CXX_FEATURE:0cxx_reference_qualified_functions
    Feature record: CXX_FEATURE:0cxx_relaxed_constexpr
    Feature record: CXX_FEATURE:0cxx_return_type_deduction
    Feature record: CXX_FEATURE:0cxx_right_angle_brackets
    Feature record: CXX_FEATURE:0cxx_rvalue_references
    Feature record: CXX_FEATURE:0cxx_sizeof_member
    Feature record: CXX_FEATURE:0cxx_static_assert
    Feature record: CXX_FEATURE:0cxx_strong_enums
    Feature record: CXX_FEATURE:1cxx_template_template_parameters
    Feature record: CXX_FEATURE:0cxx_thread_local
    Feature record: CXX_FEATURE:0cxx_trailing_return_types
    Feature record: CXX_FEATURE:0cxx_unicode_literals
    Feature record: CXX_FEATURE:0cxx_uniform_initialization
    Feature record: CXX_FEATURE:0cxx_unrestricted_unions
    Feature record: CXX_FEATURE:0cxx_user_literals
    Feature record: CXX_FEATURE:0cxx_variable_templates
    Feature record: CXX_FEATURE:0cxx_variadic_macros
    Feature record: CXX_FEATURE:0cxx_variadic_templates
Determining if the Q_WS_MAC exist passed with the following output:
Change Dir: /Users/tiagojc/Dropbox/fabio-colaboration/illuminant-transformed-spaces-tifs-source-code/illuminants/build/CMakeFiles/CMakeTmp

Run Build Command:"/opt/local/bin/gmake" "cmTC_8dd97/fast"
/opt/local/bin/gmake -f CMakeFiles/cmTC_8dd97.dir/build.make CMakeFiles/cmTC_8dd97.dir/build
gmake[1]: Entering directory '/Users/tiagojc/Dropbox/fabio-colaboration/illuminant-transformed-spaces-tifs-source-code/illuminants/build/CMakeFiles/CMakeTmp'
Building CXX object CMakeFiles/cmTC_8dd97.dir/CheckSymbolExists.cxx.o
/Applications/Xcode.app/Contents/Developer/Toolchains/XcodeDefault.xctoolchain/usr/bin/c++    -isysroot /Applications/Xcode.app/Contents/Developer/Platforms/MacOSX.platform/Developer/SDKs/MacOSX10.10.sdk -I/opt/local/include    -o CMakeFiles/cmTC_8dd97.dir/CheckSymbolExists.cxx.o -c /Users/tiagojc/Dropbox/fabio-colaboration/illuminant-transformed-spaces-tifs-source-code/illuminants/build/CMakeFiles/CMakeTmp/CheckSymbolExists.cxx
Linking CXX executable cmTC_8dd97
/opt/local/bin/cmake -E cmake_link_script CMakeFiles/cmTC_8dd97.dir/link.txt --verbose=1
/Applications/Xcode.app/Contents/Developer/Toolchains/XcodeDefault.xctoolchain/usr/bin/c++     -isysroot /Applications/Xcode.app/Contents/Developer/Platforms/MacOSX.platform/Developer/SDKs/MacOSX10.10.sdk -Wl,-search_paths_first -Wl,-headerpad_max_install_names   CMakeFiles/cmTC_8dd97.dir/CheckSymbolExists.cxx.o  -o cmTC_8dd97  
gmake[1]: Leaving directory '/Users/tiagojc/Dropbox/fabio-colaboration/illuminant-transformed-spaces-tifs-source-code/illuminants/build/CMakeFiles/CMakeTmp'

File /Users/tiagojc/Dropbox/fabio-colaboration/illuminant-transformed-spaces-tifs-source-code/illuminants/build/CMakeFiles/CMakeTmp/CheckSymbolExists.cxx:
/* */
#include <QtCore/qglobal.h>

int main(int argc, char** argv)
{
  (void)argv;
#ifndef Q_WS_MAC
  return ((int*)(&Q_WS_MAC))[argc];
#else
  (void)argc;
  return 0;
#endif
}

Determining if the QT_MAC_USE_COCOA exist passed with the following output:
Change Dir: /Users/tiagojc/Dropbox/fabio-colaboration/illuminant-transformed-spaces-tifs-source-code/illuminants/build/CMakeFiles/CMakeTmp

Run Build Command:"/opt/local/bin/gmake" "cmTC_c7317/fast"
/opt/local/bin/gmake -f CMakeFiles/cmTC_c7317.dir/build.make CMakeFiles/cmTC_c7317.dir/build
gmake[1]: Entering directory '/Users/tiagojc/Dropbox/fabio-colaboration/illuminant-transformed-spaces-tifs-source-code/illuminants/build/CMakeFiles/CMakeTmp'
Building CXX object CMakeFiles/cmTC_c7317.dir/CheckSymbolExists.cxx.o
/Applications/Xcode.app/Contents/Developer/Toolchains/XcodeDefault.xctoolchain/usr/bin/c++    -isysroot /Applications/Xcode.app/Contents/Developer/Platforms/MacOSX.platform/Developer/SDKs/MacOSX10.10.sdk -I/opt/local/include    -o CMakeFiles/cmTC_c7317.dir/CheckSymbolExists.cxx.o -c /Users/tiagojc/Dropbox/fabio-colaboration/illuminant-transformed-spaces-tifs-source-code/illuminants/build/CMakeFiles/CMakeTmp/CheckSymbolExists.cxx
Linking CXX executable cmTC_c7317
/opt/local/bin/cmake -E cmake_link_script CMakeFiles/cmTC_c7317.dir/link.txt --verbose=1
/Applications/Xcode.app/Contents/Developer/Toolchains/XcodeDefault.xctoolchain/usr/bin/c++     -isysroot /Applications/Xcode.app/Contents/Developer/Platforms/MacOSX.platform/Developer/SDKs/MacOSX10.10.sdk -Wl,-search_paths_first -Wl,-headerpad_max_install_names   CMakeFiles/cmTC_c7317.dir/CheckSymbolExists.cxx.o  -o cmTC_c7317  
gmake[1]: Leaving directory '/Users/tiagojc/Dropbox/fabio-colaboration/illuminant-transformed-spaces-tifs-source-code/illuminants/build/CMakeFiles/CMakeTmp'

File /Users/tiagojc/Dropbox/fabio-colaboration/illuminant-transformed-spaces-tifs-source-code/illuminants/build/CMakeFiles/CMakeTmp/CheckSymbolExists.cxx:
/* */
#include <QtCore/qconfig.h>

int main(int argc, char** argv)
{
  (void)argv;
#ifndef QT_MAC_USE_COCOA
  return ((int*)(&QT_MAC_USE_COCOA))[argc];
#else
  (void)argc;
  return 0;
#endif
}

