Determining if the Q_WS_X11 exist failed with the following output:
Change Dir: /Users/tiagojc/Dropbox/fabio-colaboration/illuminant-transformed-spaces-tifs-source-code/illuminants/build/CMakeFiles/CMakeTmp

Run Build Command:"/opt/local/bin/gmake" "cmTC_4ea6a/fast"
/opt/local/bin/gmake -f CMakeFiles/cmTC_4ea6a.dir/build.make CMakeFiles/cmTC_4ea6a.dir/build
gmake[1]: Entering directory '/Users/tiagojc/Dropbox/fabio-colaboration/illuminant-transformed-spaces-tifs-source-code/illuminants/build/CMakeFiles/CMakeTmp'
Building CXX object CMakeFiles/cmTC_4ea6a.dir/CheckSymbolExists.cxx.o
/Applications/Xcode.app/Contents/Developer/Toolchains/XcodeDefault.xctoolchain/usr/bin/c++    -isysroot /Applications/Xcode.app/Contents/Developer/Platforms/MacOSX.platform/Developer/SDKs/MacOSX10.10.sdk -I/opt/local/include    -o CMakeFiles/cmTC_4ea6a.dir/CheckSymbolExists.cxx.o -c /Users/tiagojc/Dropbox/fabio-colaboration/illuminant-transformed-spaces-tifs-source-code/illuminants/build/CMakeFiles/CMakeTmp/CheckSymbolExists.cxx
/Users/tiagojc/Dropbox/fabio-colaboration/illuminant-transformed-spaces-tifs-source-code/illuminants/build/CMakeFiles/CMakeTmp/CheckSymbolExists.cxx:8:19: error: use of undeclared identifier 'Q_WS_X11'
  return ((int*)(&Q_WS_X11))[argc];
                  ^
1 error generated.
CMakeFiles/cmTC_4ea6a.dir/build.make:65: recipe for target 'CMakeFiles/cmTC_4ea6a.dir/CheckSymbolExists.cxx.o' failed
gmake[1]: *** [CMakeFiles/cmTC_4ea6a.dir/CheckSymbolExists.cxx.o] Error 1
gmake[1]: Leaving directory '/Users/tiagojc/Dropbox/fabio-colaboration/illuminant-transformed-spaces-tifs-source-code/illuminants/build/CMakeFiles/CMakeTmp'
Makefile:126: recipe for target 'cmTC_4ea6a/fast' failed
gmake: *** [cmTC_4ea6a/fast] Error 2

File /Users/tiagojc/Dropbox/fabio-colaboration/illuminant-transformed-spaces-tifs-source-code/illuminants/build/CMakeFiles/CMakeTmp/CheckSymbolExists.cxx:
/* */
#include <QtCore/qglobal.h>

int main(int argc, char** argv)
{
  (void)argv;
#ifndef Q_WS_X11
  return ((int*)(&Q_WS_X11))[argc];
#else
  (void)argc;
  return 0;
#endif
}

Determining if the Q_WS_WIN exist failed with the following output:
Change Dir: /Users/tiagojc/Dropbox/fabio-colaboration/illuminant-transformed-spaces-tifs-source-code/illuminants/build/CMakeFiles/CMakeTmp

Run Build Command:"/opt/local/bin/gmake" "cmTC_82e60/fast"
/opt/local/bin/gmake -f CMakeFiles/cmTC_82e60.dir/build.make CMakeFiles/cmTC_82e60.dir/build
gmake[1]: Entering directory '/Users/tiagojc/Dropbox/fabio-colaboration/illuminant-transformed-spaces-tifs-source-code/illuminants/build/CMakeFiles/CMakeTmp'
Building CXX object CMakeFiles/cmTC_82e60.dir/CheckSymbolExists.cxx.o
/Applications/Xcode.app/Contents/Developer/Toolchains/XcodeDefault.xctoolchain/usr/bin/c++    -isysroot /Applications/Xcode.app/Contents/Developer/Platforms/MacOSX.platform/Developer/SDKs/MacOSX10.10.sdk -I/opt/local/include    -o CMakeFiles/cmTC_82e60.dir/CheckSymbolExists.cxx.o -c /Users/tiagojc/Dropbox/fabio-colaboration/illuminant-transformed-spaces-tifs-source-code/illuminants/build/CMakeFiles/CMakeTmp/CheckSymbolExists.cxx
/Users/tiagojc/Dropbox/fabio-colaboration/illuminant-transformed-spaces-tifs-source-code/illuminants/build/CMakeFiles/CMakeTmp/CheckSymbolExists.cxx:8:19: error: use of undeclared identifier 'Q_WS_WIN'
  return ((int*)(&Q_WS_WIN))[argc];
                  ^
1 error generated.
CMakeFiles/cmTC_82e60.dir/build.make:65: recipe for target 'CMakeFiles/cmTC_82e60.dir/CheckSymbolExists.cxx.o' failed
gmake[1]: *** [CMakeFiles/cmTC_82e60.dir/CheckSymbolExists.cxx.o] Error 1
gmake[1]: Leaving directory '/Users/tiagojc/Dropbox/fabio-colaboration/illuminant-transformed-spaces-tifs-source-code/illuminants/build/CMakeFiles/CMakeTmp'
Makefile:126: recipe for target 'cmTC_82e60/fast' failed
gmake: *** [cmTC_82e60/fast] Error 2

File /Users/tiagojc/Dropbox/fabio-colaboration/illuminant-transformed-spaces-tifs-source-code/illuminants/build/CMakeFiles/CMakeTmp/CheckSymbolExists.cxx:
/* */
#include <QtCore/qglobal.h>

int main(int argc, char** argv)
{
  (void)argv;
#ifndef Q_WS_WIN
  return ((int*)(&Q_WS_WIN))[argc];
#else
  (void)argc;
  return 0;
#endif
}

Determining if the Q_WS_QWS exist failed with the following output:
Change Dir: /Users/tiagojc/Dropbox/fabio-colaboration/illuminant-transformed-spaces-tifs-source-code/illuminants/build/CMakeFiles/CMakeTmp

Run Build Command:"/opt/local/bin/gmake" "cmTC_af745/fast"
/opt/local/bin/gmake -f CMakeFiles/cmTC_af745.dir/build.make CMakeFiles/cmTC_af745.dir/build
gmake[1]: Entering directory '/Users/tiagojc/Dropbox/fabio-colaboration/illuminant-transformed-spaces-tifs-source-code/illuminants/build/CMakeFiles/CMakeTmp'
Building CXX object CMakeFiles/cmTC_af745.dir/CheckSymbolExists.cxx.o
/Applications/Xcode.app/Contents/Developer/Toolchains/XcodeDefault.xctoolchain/usr/bin/c++    -isysroot /Applications/Xcode.app/Contents/Developer/Platforms/MacOSX.platform/Developer/SDKs/MacOSX10.10.sdk -I/opt/local/include    -o CMakeFiles/cmTC_af745.dir/CheckSymbolExists.cxx.o -c /Users/tiagojc/Dropbox/fabio-colaboration/illuminant-transformed-spaces-tifs-source-code/illuminants/build/CMakeFiles/CMakeTmp/CheckSymbolExists.cxx
/Users/tiagojc/Dropbox/fabio-colaboration/illuminant-transformed-spaces-tifs-source-code/illuminants/build/CMakeFiles/CMakeTmp/CheckSymbolExists.cxx:8:19: error: use of undeclared identifier 'Q_WS_QWS'
  return ((int*)(&Q_WS_QWS))[argc];
                  ^
1 error generated.
CMakeFiles/cmTC_af745.dir/build.make:65: recipe for target 'CMakeFiles/cmTC_af745.dir/CheckSymbolExists.cxx.o' failed
gmake[1]: Leaving directory '/Users/tiagojc/Dropbox/fabio-colaboration/illuminant-transformed-spaces-tifs-source-code/illuminants/build/CMakeFiles/CMakeTmp'
gmake[1]: *** [CMakeFiles/cmTC_af745.dir/CheckSymbolExists.cxx.o] Error 1
Makefile:126: recipe for target 'cmTC_af745/fast' failed
gmake: *** [cmTC_af745/fast] Error 2

File /Users/tiagojc/Dropbox/fabio-colaboration/illuminant-transformed-spaces-tifs-source-code/illuminants/build/CMakeFiles/CMakeTmp/CheckSymbolExists.cxx:
/* */
#include <QtCore/qglobal.h>

int main(int argc, char** argv)
{
  (void)argv;
#ifndef Q_WS_QWS
  return ((int*)(&Q_WS_QWS))[argc];
#else
  (void)argc;
  return 0;
#endif
}

